Arguments: 
  D:\Admin\Apps\node.exe C:\Users\alexs\AppData\Roaming\npm\node_modules\yarn\bin\yarn.js start

PATH: 
  C:\Program Files (x86)\Common Files\Oracle\Java\javapath;C:\Program Files (x86)\Common Files\Intel\Shared Libraries\redist\intel64\compiler;C:\Windows\system32;C:\Windows;C:\Windows\System32\Wbem;C:\Windows\System32\WindowsPowerShell\v1.0\;C:\Windows\System32\OpenSSH\;C:\Program Files (x86)\NVIDIA Corporation\PhysX\Common;C:\Program Files (x86)\Sennheiser\SoftphoneSDK\;D:\Admin\Apps\runtime\win64;D:\Admin\Apps\bin;D:\Admin\Apps\;C:\Program Files\NVIDIA Corporation\NVIDIA NvDLISR;C:\Program Files\MySQL\MySQL Shell 8.0\bin\;C:\Users\alexs\AppData\Local\Microsoft\WindowsApps;D:\Admin\Apps\Microsoft VS Code\bin;C:\Users\alexs\AppData\Local\GitHubDesktop\bin;C:\Users\alexs\AppData\Roaming\npm

Yarn version: 
  1.22.10

Node version: 
  15.2.1

Platform: 
  win32 x64

Trace: 
  SyntaxError: C:\Users\alexs\OneDrive\Documentos\GitHub\Blockchain-Aprende\package.json: Unexpected token S in JSON at position 593
      at JSON.parse (<anonymous>)
      at C:\Users\alexs\AppData\Roaming\npm\node_modules\yarn\lib\cli.js:1625:59
      at Generator.next (<anonymous>)
      at step (C:\Users\alexs\AppData\Roaming\npm\node_modules\yarn\lib\cli.js:310:30)
      at C:\Users\alexs\AppData\Roaming\npm\node_modules\yarn\lib\cli.js:321:13

npm manifest: 
  {
    "name": "aprende",
    "version": "1.0.0",
    "main": "index.js",
    "repository": "https://github.com/elJamesSnz/Blockchain-Aprende",
    "author": "MaikiyJimmy",
    "license": "MIT",
    "private": false,
    "devDependencies": {
      "@babel/core": "^7.12.13",
      "@babel/node": "^7.12.13",
      "@babel/preset-env": "^7.12.13",
      "eslint": "^7.19.0",
      "eslint-config-airbnb-base": "^14.2.1",
      "eslint-plugin-import": "^2.22.1",
      "nodemon": "^2.0.7"
    },
    "scripts": {
      "start": "babel-node index",
      "nodemon": "nodemon --exec yarn start",
      "lint": "eslint index.js src"
    }
  }
  S

yarn manifest: 
  No manifest

Lockfile: 
  # THIS IS AN AUTOGENERATED FILE. DO NOT EDIT THIS FILE DIRECTLY.
  # yarn lockfile v1
  
  
  "@babel/code-frame@^7.0.0", "@babel/code-frame@^7.12.13":
    "version" "7.12.13"
    dependencies:
      "@babel/highlight" "^7.12.13"
  
  "@babel/compat-data@^7.12.13":
    "version" "7.12.13"
  
  "@babel/core@^7.0.0", "@babel/core@^7.0.0-0", "@babel/core@^7.12.13":
    "version" "7.12.13"
    dependencies:
      "@babel/code-frame" "^7.12.13"
      "@babel/generator" "^7.12.13"
      "@babel/helper-module-transforms" "^7.12.13"
      "@babel/helpers" "^7.12.13"
      "@babel/parser" "^7.12.13"
      "@babel/template" "^7.12.13"
      "@babel/traverse" "^7.12.13"
      "@babel/types" "^7.12.13"
      "convert-source-map" "^1.7.0"
      "debug" "^4.1.0"
      "gensync" "^1.0.0-beta.1"
      "json5" "^2.1.2"
      "lodash" "^4.17.19"
      "semver" "^5.4.1"
      "source-map" "^0.5.0"
  
  "@babel/generator@^7.12.13":
    "version" "7.12.15"
    dependencies:
      "@babel/types" "^7.12.13"
      "jsesc" "^2.5.1"
      "source-map" "^0.5.0"
  
  "@babel/helper-annotate-as-pure@^7.12.13":
    "version" "7.12.13"
    dependencies:
      "@babel/types" "^7.12.13"
  
  "@babel/helper-builder-binary-assignment-operator-visitor@^7.12.13":
    "version" "7.12.13"
    dependencies:
      "@babel/helper-explode-assignable-expression" "^7.12.13"
      "@babel/types" "^7.12.13"
  
  "@babel/helper-compilation-targets@^7.12.13":
    "version" "7.12.13"
    dependencies:
      "@babel/compat-data" "^7.12.13"
      "@babel/helper-validator-option" "^7.12.11"
      "browserslist" "^4.14.5"
      "semver" "^5.5.0"
  
  "@babel/helper-create-class-features-plugin@^7.12.13":
    "version" "7.12.13"
    dependencies:
      "@babel/helper-function-name" "^7.12.13"
      "@babel/helper-member-expression-to-functions" "^7.12.13"
      "@babel/helper-optimise-call-expression" "^7.12.13"
      "@babel/helper-replace-supers" "^7.12.13"
      "@babel/helper-split-export-declaration" "^7.12.13"
  
  "@babel/helper-create-regexp-features-plugin@^7.12.13":
    "version" "7.12.13"
    dependencies:
      "@babel/helper-annotate-as-pure" "^7.12.13"
      "regexpu-core" "^4.7.1"
  
  "@babel/helper-explode-assignable-expression@^7.12.13":
    "version" "7.12.13"
    dependencies:
      "@babel/types" "^7.12.13"
  
  "@babel/helper-function-name@^7.12.13":
    "version" "7.12.13"
    dependencies:
      "@babel/helper-get-function-arity" "^7.12.13"
      "@babel/template" "^7.12.13"
      "@babel/types" "^7.12.13"
  
  "@babel/helper-get-function-arity@^7.12.13":
    "version" "7.12.13"
    dependencies:
      "@babel/types" "^7.12.13"
  
  "@babel/helper-hoist-variables@^7.12.13":
    "version" "7.12.13"
    dependencies:
      "@babel/types" "^7.12.13"
  
  "@babel/helper-member-expression-to-functions@^7.12.13":
    "version" "7.12.13"
    dependencies:
      "@babel/types" "^7.12.13"
  
  "@babel/helper-module-imports@^7.12.13":
    "version" "7.12.13"
    dependencies:
      "@babel/types" "^7.12.13"
  
  "@babel/helper-module-transforms@^7.12.13":
    "version" "7.12.13"
    dependencies:
      "@babel/helper-module-imports" "^7.12.13"
      "@babel/helper-replace-supers" "^7.12.13"
      "@babel/helper-simple-access" "^7.12.13"
      "@babel/helper-split-export-declaration" "^7.12.13"
      "@babel/helper-validator-identifier" "^7.12.11"
      "@babel/template" "^7.12.13"
      "@babel/traverse" "^7.12.13"
      "@babel/types" "^7.12.13"
      "lodash" "^4.17.19"
  
  "@babel/helper-optimise-call-expression@^7.12.13":
    "version" "7.12.13"
    dependencies:
      "@babel/types" "^7.12.13"
  
  "@babel/helper-plugin-utils@^7.0.0", "@babel/helper-plugin-utils@^7.10.4", "@babel/helper-plugin-utils@^7.12.13", "@babel/helper-plugin-utils@^7.8.0", "@babel/helper-plugin-utils@^7.8.3":
    "version" "7.12.13"
  
  "@babel/helper-remap-async-to-generator@^7.12.13":
    "version" "7.12.13"
    dependencies:
      "@babel/helper-annotate-as-pure" "^7.12.13"
      "@babel/helper-wrap-function" "^7.12.13"
      "@babel/types" "^7.12.13"
  
  "@babel/helper-replace-supers@^7.12.13":
    "version" "7.12.13"
    dependencies:
      "@babel/helper-member-expression-to-functions" "^7.12.13"
      "@babel/helper-optimise-call-expression" "^7.12.13"
      "@babel/traverse" "^7.12.13"
      "@babel/types" "^7.12.13"
  
  "@babel/helper-simple-access@^7.12.13":
    "version" "7.12.13"
    dependencies:
      "@babel/types" "^7.12.13"
  
  "@babel/helper-skip-transparent-expression-wrappers@^7.12.1":
    "version" "7.12.1"
    dependencies:
      "@babel/types" "^7.12.1"
  
  "@babel/helper-split-export-declaration@^7.12.13":
    "version" "7.12.13"
    dependencies:
      "@babel/types" "^7.12.13"
  
  "@babel/helper-validator-identifier@^7.12.11":
    "version" "7.12.11"
  
  "@babel/helper-validator-option@^7.12.11":
    "version" "7.12.11"
  
  "@babel/helper-wrap-function@^7.12.13":
    "version" "7.12.13"
    dependencies:
      "@babel/helper-function-name" "^7.12.13"
      "@babel/template" "^7.12.13"
      "@babel/traverse" "^7.12.13"
      "@babel/types" "^7.12.13"
  
  "@babel/helpers@^7.12.13":
    "version" "7.12.13"
    dependencies:
      "@babel/template" "^7.12.13"
      "@babel/traverse" "^7.12.13"
      "@babel/types" "^7.12.13"
  
  "@babel/highlight@^7.12.13":
    "version" "7.12.13"
    dependencies:
      "@babel/helper-validator-identifier" "^7.12.11"
      "chalk" "^2.0.0"
      "js-tokens" "^4.0.0"
  
  "@babel/node@^7.12.13":
    "version" "7.12.13"
    dependencies:
      "@babel/register" "^7.12.13"
      "commander" "^4.0.1"
      "core-js" "^3.2.1"
      "lodash" "^4.17.19"
      "node-environment-flags" "^1.0.5"
      "regenerator-runtime" "^0.13.4"
      "v8flags" "^3.1.1"
  
  "@babel/parser@^7.12.13":
    "version" "7.12.15"
  
  "@babel/plugin-proposal-async-generator-functions@^7.12.13":
    "version" "7.12.13"
    dependencies:
      "@babel/helper-plugin-utils" "^7.12.13"
      "@babel/helper-remap-async-to-generator" "^7.12.13"
      "@babel/plugin-syntax-async-generators" "^7.8.0"
  
  "@babel/plugin-proposal-class-properties@^7.12.13":
    "version" "7.12.13"
    dependencies:
      "@babel/helper-create-class-features-plugin" "^7.12.13"
      "@babel/helper-plugin-utils" "^7.12.13"
  
  "@babel/plugin-proposal-dynamic-import@^7.12.1":
    "version" "7.12.1"
    dependencies:
      "@babel/helper-plugin-utils" "^7.10.4"
      "@babel/plugin-syntax-dynamic-import" "^7.8.0"
  
  "@babel/plugin-proposal-export-namespace-from@^7.12.13":
    "version" "7.12.13"
    dependencies:
      "@babel/helper-plugin-utils" "^7.12.13"
      "@babel/plugin-syntax-export-namespace-from" "^7.8.3"
  
  "@babel/plugin-proposal-json-strings@^7.12.13":
    "version" "7.12.13"
    dependencies:
      "@babel/helper-plugin-utils" "^7.12.13"
      "@babel/plugin-syntax-json-strings" "^7.8.0"
  
  "@babel/plugin-proposal-logical-assignment-operators@^7.12.13":
    "version" "7.12.13"
    dependencies:
      "@babel/helper-plugin-utils" "^7.12.13"
      "@babel/plugin-syntax-logical-assignment-operators" "^7.10.4"
  
  "@babel/plugin-proposal-nullish-coalescing-operator@^7.12.13":
    "version" "7.12.13"
    dependencies:
      "@babel/helper-plugin-utils" "^7.12.13"
      "@babel/plugin-syntax-nullish-coalescing-operator" "^7.8.0"
  
  "@babel/plugin-proposal-numeric-separator@^7.12.13":
    "version" "7.12.13"
    dependencies:
      "@babel/helper-plugin-utils" "^7.12.13"
      "@babel/plugin-syntax-numeric-separator" "^7.10.4"
  
  "@babel/plugin-proposal-object-rest-spread@^7.12.13":
    "version" "7.12.13"
    dependencies:
      "@babel/helper-plugin-utils" "^7.12.13"
      "@babel/plugin-syntax-object-rest-spread" "^7.8.0"
      "@babel/plugin-transform-parameters" "^7.12.13"
  
  "@babel/plugin-proposal-optional-catch-binding@^7.12.13":
    "version" "7.12.13"
    dependencies:
      "@babel/helper-plugin-utils" "^7.12.13"
      "@babel/plugin-syntax-optional-catch-binding" "^7.8.0"
  
  "@babel/plugin-proposal-optional-chaining@^7.12.13":
    "version" "7.12.13"
    dependencies:
      "@babel/helper-plugin-utils" "^7.12.13"
      "@babel/helper-skip-transparent-expression-wrappers" "^7.12.1"
      "@babel/plugin-syntax-optional-chaining" "^7.8.0"
  
  "@babel/plugin-proposal-private-methods@^7.12.13":
    "version" "7.12.13"
    dependencies:
      "@babel/helper-create-class-features-plugin" "^7.12.13"
      "@babel/helper-plugin-utils" "^7.12.13"
  
  "@babel/plugin-proposal-unicode-property-regex@^7.12.13", "@babel/plugin-proposal-unicode-property-regex@^7.4.4":
    "version" "7.12.13"
    dependencies:
      "@babel/helper-create-regexp-features-plugin" "^7.12.13"
      "@babel/helper-plugin-utils" "^7.12.13"
  
  "@babel/plugin-syntax-async-generators@^7.8.0":
    "version" "7.8.4"
    dependencies:
      "@babel/helper-plugin-utils" "^7.8.0"
  
  "@babel/plugin-syntax-class-properties@^7.12.13":
    "version" "7.12.13"
    dependencies:
      "@babel/helper-plugin-utils" "^7.12.13"
  
  "@babel/plugin-syntax-dynamic-import@^7.8.0":
    "version" "7.8.3"
    dependencies:
      "@babel/helper-plugin-utils" "^7.8.0"
  
  "@babel/plugin-syntax-export-namespace-from@^7.8.3":
    "version" "7.8.3"
    dependencies:
      "@babel/helper-plugin-utils" "^7.8.3"
  
  "@babel/plugin-syntax-json-strings@^7.8.0":
    "version" "7.8.3"
    dependencies:
      "@babel/helper-plugin-utils" "^7.8.0"
  
  "@babel/plugin-syntax-logical-assignment-operators@^7.10.4":
    "version" "7.10.4"
    dependencies:
      "@babel/helper-plugin-utils" "^7.10.4"
  
  "@babel/plugin-syntax-nullish-coalescing-operator@^7.8.0":
    "version" "7.8.3"
    dependencies:
      "@babel/helper-plugin-utils" "^7.8.0"
  
  "@babel/plugin-syntax-numeric-separator@^7.10.4":
    "version" "7.10.4"
    dependencies:
      "@babel/helper-plugin-utils" "^7.10.4"
  
  "@babel/plugin-syntax-object-rest-spread@^7.8.0":
    "version" "7.8.3"
    dependencies:
      "@babel/helper-plugin-utils" "^7.8.0"
  
  "@babel/plugin-syntax-optional-catch-binding@^7.8.0":
    "version" "7.8.3"
    dependencies:
      "@babel/helper-plugin-utils" "^7.8.0"
  
  "@babel/plugin-syntax-optional-chaining@^7.8.0":
    "version" "7.8.3"
    dependencies:
      "@babel/helper-plugin-utils" "^7.8.0"
  
  "@babel/plugin-syntax-top-level-await@^7.12.13":
    "version" "7.12.13"
    dependencies:
      "@babel/helper-plugin-utils" "^7.12.13"
  
  "@babel/plugin-transform-arrow-functions@^7.12.13":
    "version" "7.12.13"
    dependencies:
      "@babel/helper-plugin-utils" "^7.12.13"
  
  "@babel/plugin-transform-async-to-generator@^7.12.13":
    "version" "7.12.13"
    dependencies:
      "@babel/helper-module-imports" "^7.12.13"
      "@babel/helper-plugin-utils" "^7.12.13"
      "@babel/helper-remap-async-to-generator" "^7.12.13"
  
  "@babel/plugin-transform-block-scoped-functions@^7.12.13":
    "version" "7.12.13"
    dependencies:
      "@babel/helper-plugin-utils" "^7.12.13"
  
  "@babel/plugin-transform-block-scoping@^7.12.13":
    "version" "7.12.13"
    dependencies:
      "@babel/helper-plugin-utils" "^7.12.13"
  
  "@babel/plugin-transform-classes@^7.12.13":
    "version" "7.12.13"
    dependencies:
      "@babel/helper-annotate-as-pure" "^7.12.13"
      "@babel/helper-function-name" "^7.12.13"
      "@babel/helper-optimise-call-expression" "^7.12.13"
      "@babel/helper-plugin-utils" "^7.12.13"
      "@babel/helper-replace-supers" "^7.12.13"
      "@babel/helper-split-export-declaration" "^7.12.13"
      "globals" "^11.1.0"
  
  "@babel/plugin-transform-computed-properties@^7.12.13":
    "version" "7.12.13"
    dependencies:
      "@babel/helper-plugin-utils" "^7.12.13"
  
  "@babel/plugin-transform-destructuring@^7.12.13":
    "version" "7.12.13"
    dependencies:
      "@babel/helper-plugin-utils" "^7.12.13"
  
  "@babel/plugin-transform-dotall-regex@^7.12.13", "@babel/plugin-transform-dotall-regex@^7.4.4":
    "version" "7.12.13"
    dependencies:
      "@babel/helper-create-regexp-features-plugin" "^7.12.13"
      "@babel/helper-plugin-utils" "^7.12.13"
  
  "@babel/plugin-transform-duplicate-keys@^7.12.13":
    "version" "7.12.13"
    dependencies:
      "@babel/helper-plugin-utils" "^7.12.13"
  
  "@babel/plugin-transform-exponentiation-operator@^7.12.13":
    "version" "7.12.13"
    dependencies:
      "@babel/helper-builder-binary-assignment-operator-visitor" "^7.12.13"
      "@babel/helper-plugin-utils" "^7.12.13"
  
  "@babel/plugin-transform-for-of@^7.12.13":
    "version" "7.12.13"
    dependencies:
      "@babel/helper-plugin-utils" "^7.12.13"
  
  "@babel/plugin-transform-function-name@^7.12.13":
    "version" "7.12.13"
    dependencies:
      "@babel/helper-function-name" "^7.12.13"
      "@babel/helper-plugin-utils" "^7.12.13"
  
  "@babel/plugin-transform-literals@^7.12.13":
    "version" "7.12.13"
    dependencies:
      "@babel/helper-plugin-utils" "^7.12.13"
  
  "@babel/plugin-transform-member-expression-literals@^7.12.13":
    "version" "7.12.13"
    dependencies:
      "@babel/helper-plugin-utils" "^7.12.13"
  
  "@babel/plugin-transform-modules-amd@^7.12.13":
    "version" "7.12.13"
    dependencies:
      "@babel/helper-module-transforms" "^7.12.13"
      "@babel/helper-plugin-utils" "^7.12.13"
      "babel-plugin-dynamic-import-node" "^2.3.3"
  
  "@babel/plugin-transform-modules-commonjs@^7.12.13":
    "version" "7.12.13"
    dependencies:
      "@babel/helper-module-transforms" "^7.12.13"
      "@babel/helper-plugin-utils" "^7.12.13"
      "@babel/helper-simple-access" "^7.12.13"
      "babel-plugin-dynamic-import-node" "^2.3.3"
  
  "@babel/plugin-transform-modules-systemjs@^7.12.13":
    "version" "7.12.13"
    dependencies:
      "@babel/helper-hoist-variables" "^7.12.13"
      "@babel/helper-module-transforms" "^7.12.13"
      "@babel/helper-plugin-utils" "^7.12.13"
      "@babel/helper-validator-identifier" "^7.12.11"
      "babel-plugin-dynamic-import-node" "^2.3.3"
  
  "@babel/plugin-transform-modules-umd@^7.12.13":
    "version" "7.12.13"
    dependencies:
      "@babel/helper-module-transforms" "^7.12.13"
      "@babel/helper-plugin-utils" "^7.12.13"
  
  "@babel/plugin-transform-named-capturing-groups-regex@^7.12.13":
    "version" "7.12.13"
    dependencies:
      "@babel/helper-create-regexp-features-plugin" "^7.12.13"
  
  "@babel/plugin-transform-new-target@^7.12.13":
    "version" "7.12.13"
    dependencies:
      "@babel/helper-plugin-utils" "^7.12.13"
  
  "@babel/plugin-transform-object-super@^7.12.13":
    "version" "7.12.13"
    dependencies:
      "@babel/helper-plugin-utils" "^7.12.13"
      "@babel/helper-replace-supers" "^7.12.13"
  
  "@babel/plugin-transform-parameters@^7.12.13":
    "version" "7.12.13"
    dependencies:
      "@babel/helper-plugin-utils" "^7.12.13"
  
  "@babel/plugin-transform-property-literals@^7.12.13":
    "version" "7.12.13"
    dependencies:
      "@babel/helper-plugin-utils" "^7.12.13"
  
  "@babel/plugin-transform-regenerator@^7.12.13":
    "version" "7.12.13"
    dependencies:
      "regenerator-transform" "^0.14.2"
  
  "@babel/plugin-transform-reserved-words@^7.12.13":
    "version" "7.12.13"
    dependencies:
      "@babel/helper-plugin-utils" "^7.12.13"
  
  "@babel/plugin-transform-shorthand-properties@^7.12.13":
    "version" "7.12.13"
    dependencies:
      "@babel/helper-plugin-utils" "^7.12.13"
  
  "@babel/plugin-transform-spread@^7.12.13":
    "version" "7.12.13"
    dependencies:
      "@babel/helper-plugin-utils" "^7.12.13"
      "@babel/helper-skip-transparent-expression-wrappers" "^7.12.1"
  
  "@babel/plugin-transform-sticky-regex@^7.12.13":
    "version" "7.12.13"
    dependencies:
      "@babel/helper-plugin-utils" "^7.12.13"
  
  "@babel/plugin-transform-template-literals@^7.12.13":
    "version" "7.12.13"
    dependencies:
      "@babel/helper-plugin-utils" "^7.12.13"
  
  "@babel/plugin-transform-typeof-symbol@^7.12.13":
    "version" "7.12.13"
    dependencies:
      "@babel/helper-plugin-utils" "^7.12.13"
  
  "@babel/plugin-transform-unicode-escapes@^7.12.13":
    "version" "7.12.13"
    dependencies:
      "@babel/helper-plugin-utils" "^7.12.13"
  
  "@babel/plugin-transform-unicode-regex@^7.12.13":
    "version" "7.12.13"
    dependencies:
      "@babel/helper-create-regexp-features-plugin" "^7.12.13"
      "@babel/helper-plugin-utils" "^7.12.13"
  
  "@babel/preset-env@^7.12.13":
    "version" "7.12.13"
    dependencies:
      "@babel/compat-data" "^7.12.13"
      "@babel/helper-compilation-targets" "^7.12.13"
      "@babel/helper-module-imports" "^7.12.13"
      "@babel/helper-plugin-utils" "^7.12.13"
      "@babel/helper-validator-option" "^7.12.11"
      "@babel/plugin-proposal-async-generator-functions" "^7.12.13"
      "@babel/plugin-proposal-class-properties" "^7.12.13"
      "@babel/plugin-proposal-dynamic-import" "^7.12.1"
      "@babel/plugin-proposal-export-namespace-from" "^7.12.13"
      "@babel/plugin-proposal-json-strings" "^7.12.13"
      "@babel/plugin-proposal-logical-assignment-operators" "^7.12.13"
      "@babel/plugin-proposal-nullish-coalescing-operator" "^7.12.13"
      "@babel/plugin-proposal-numeric-separator" "^7.12.13"
      "@babel/plugin-proposal-object-rest-spread" "^7.12.13"
      "@babel/plugin-proposal-optional-catch-binding" "^7.12.13"
      "@babel/plugin-proposal-optional-chaining" "^7.12.13"
      "@babel/plugin-proposal-private-methods" "^7.12.13"
      "@babel/plugin-proposal-unicode-property-regex" "^7.12.13"
      "@babel/plugin-syntax-async-generators" "^7.8.0"
      "@babel/plugin-syntax-class-properties" "^7.12.13"
      "@babel/plugin-syntax-dynamic-import" "^7.8.0"
      "@babel/plugin-syntax-export-namespace-from" "^7.8.3"
      "@babel/plugin-syntax-json-strings" "^7.8.0"
      "@babel/plugin-syntax-logical-assignment-operators" "^7.10.4"
      "@babel/plugin-syntax-nullish-coalescing-operator" "^7.8.0"
      "@babel/plugin-syntax-numeric-separator" "^7.10.4"
      "@babel/plugin-syntax-object-rest-spread" "^7.8.0"
      "@babel/plugin-syntax-optional-catch-binding" "^7.8.0"
      "@babel/plugin-syntax-optional-chaining" "^7.8.0"
      "@babel/plugin-syntax-top-level-await" "^7.12.13"
      "@babel/plugin-transform-arrow-functions" "^7.12.13"
      "@babel/plugin-transform-async-to-generator" "^7.12.13"
      "@babel/plugin-transform-block-scoped-functions" "^7.12.13"
      "@babel/plugin-transform-block-scoping" "^7.12.13"
      "@babel/plugin-transform-classes" "^7.12.13"
      "@babel/plugin-transform-computed-properties" "^7.12.13"
      "@babel/plugin-transform-destructuring" "^7.12.13"
      "@babel/plugin-transform-dotall-regex" "^7.12.13"
      "@babel/plugin-transform-duplicate-keys" "^7.12.13"
      "@babel/plugin-transform-exponentiation-operator" "^7.12.13"
      "@babel/plugin-transform-for-of" "^7.12.13"
      "@babel/plugin-transform-function-name" "^7.12.13"
      "@babel/plugin-transform-literals" "^7.12.13"
      "@babel/plugin-transform-member-expression-literals" "^7.12.13"
      "@babel/plugin-transform-modules-amd" "^7.12.13"
      "@babel/plugin-transform-modules-commonjs" "^7.12.13"
      "@babel/plugin-transform-modules-systemjs" "^7.12.13"
      "@babel/plugin-transform-modules-umd" "^7.12.13"
      "@babel/plugin-transform-named-capturing-groups-regex" "^7.12.13"
      "@babel/plugin-transform-new-target" "^7.12.13"
      "@babel/plugin-transform-object-super" "^7.12.13"
      "@babel/plugin-transform-parameters" "^7.12.13"
      "@babel/plugin-transform-property-literals" "^7.12.13"
      "@babel/plugin-transform-regenerator" "^7.12.13"
      "@babel/plugin-transform-reserved-words" "^7.12.13"
      "@babel/plugin-transform-shorthand-properties" "^7.12.13"
      "@babel/plugin-transform-spread" "^7.12.13"
      "@babel/plugin-transform-sticky-regex" "^7.12.13"
      "@babel/plugin-transform-template-literals" "^7.12.13"
      "@babel/plugin-transform-typeof-symbol" "^7.12.13"
      "@babel/plugin-transform-unicode-escapes" "^7.12.13"
      "@babel/plugin-transform-unicode-regex" "^7.12.13"
      "@babel/preset-modules" "^0.1.3"
      "@babel/types" "^7.12.13"
      "core-js-compat" "^3.8.0"
      "semver" "^5.5.0"
  
  "@babel/preset-modules@^0.1.3":
    "version" "0.1.4"
    dependencies:
      "@babel/helper-plugin-utils" "^7.0.0"
      "@babel/plugin-proposal-unicode-property-regex" "^7.4.4"
      "@babel/plugin-transform-dotall-regex" "^7.4.4"
      "@babel/types" "^7.4.4"
      "esutils" "^2.0.2"
  
  "@babel/register@^7.12.13":
    "version" "7.12.13"
    dependencies:
      "find-cache-dir" "^2.0.0"
      "lodash" "^4.17.19"
      "make-dir" "^2.1.0"
      "pirates" "^4.0.0"
      "source-map-support" "^0.5.16"
  
  "@babel/runtime@^7.8.4":
    "version" "7.12.13"
    dependencies:
      "regenerator-runtime" "^0.13.4"
  
  "@babel/template@^7.12.13":
    "version" "7.12.13"
    dependencies:
      "@babel/code-frame" "^7.12.13"
      "@babel/parser" "^7.12.13"
      "@babel/types" "^7.12.13"
  
  "@babel/traverse@^7.12.13":
    "version" "7.12.13"
    dependencies:
      "@babel/code-frame" "^7.12.13"
      "@babel/generator" "^7.12.13"
      "@babel/helper-function-name" "^7.12.13"
      "@babel/helper-split-export-declaration" "^7.12.13"
      "@babel/parser" "^7.12.13"
      "@babel/types" "^7.12.13"
      "debug" "^4.1.0"
      "globals" "^11.1.0"
      "lodash" "^4.17.19"
  
  "@babel/types@^7.12.1", "@babel/types@^7.12.13", "@babel/types@^7.4.4":
    "version" "7.12.13"
    dependencies:
      "@babel/helper-validator-identifier" "^7.12.11"
      "lodash" "^4.17.19"
      "to-fast-properties" "^2.0.0"
  
  "@eslint/eslintrc@^0.3.0":
    "version" "0.3.0"
    dependencies:
      "ajv" "^6.12.4"
      "debug" "^4.1.1"
      "espree" "^7.3.0"
      "globals" "^12.1.0"
      "ignore" "^4.0.6"
      "import-fresh" "^3.2.1"
      "js-yaml" "^3.13.1"
      "lodash" "^4.17.20"
      "minimatch" "^3.0.4"
      "strip-json-comments" "^3.1.1"
  
  "@sindresorhus/is@^0.14.0":
    "version" "0.14.0"
  
  "@szmarczak/http-timer@^1.1.2":
    "version" "1.1.2"
    dependencies:
      "defer-to-connect" "^1.0.1"
  
  "@types/json5@^0.0.29":
    "version" "0.0.29"
  
  "abbrev@1":
    "version" "1.1.1"
  
  "acorn-jsx@^5.3.1":
    "version" "5.3.1"
  
  "acorn@^6.0.0 || ^7.0.0 || ^8.0.0", "acorn@^7.4.0":
    "version" "7.4.1"
  
  "ajv@^6.10.0", "ajv@^6.12.4":
    "version" "6.12.6"
    dependencies:
      "fast-deep-equal" "^3.1.1"
      "fast-json-stable-stringify" "^2.0.0"
      "json-schema-traverse" "^0.4.1"
      "uri-js" "^4.2.2"
  
  "ajv@^7.0.2":
    "version" "7.0.4"
    dependencies:
      "fast-deep-equal" "^3.1.1"
      "json-schema-traverse" "^1.0.0"
      "require-from-string" "^2.0.2"
      "uri-js" "^4.2.2"
  
  "ansi-align@^3.0.0":
    "version" "3.0.0"
    dependencies:
      "string-width" "^3.0.0"
  
  "ansi-colors@^4.1.1":
    "version" "4.1.1"
  
  "ansi-regex@^4.1.0":
    "version" "4.1.0"
  
  "ansi-regex@^5.0.0":
    "version" "5.0.0"
  
  "ansi-styles@^3.2.1":
    "version" "3.2.1"
    dependencies:
      "color-convert" "^1.9.0"
  
  "ansi-styles@^4.0.0", "ansi-styles@^4.1.0":
    "version" "4.3.0"
    dependencies:
      "color-convert" "^2.0.1"
  
  "anymatch@~3.1.1":
    "version" "3.1.1"
    dependencies:
      "normalize-path" "^3.0.0"
      "picomatch" "^2.0.4"
  
  "argparse@^1.0.7":
    "version" "1.0.10"
    dependencies:
      "sprintf-js" "~1.0.2"
  
  "array-includes@^3.1.1":
    "version" "3.1.2"
    dependencies:
      "call-bind" "^1.0.0"
      "define-properties" "^1.1.3"
      "es-abstract" "^1.18.0-next.1"
      "get-intrinsic" "^1.0.1"
      "is-string" "^1.0.5"
  
  "array.prototype.flat@^1.2.3":
    "version" "1.2.4"
    dependencies:
      "call-bind" "^1.0.0"
      "define-properties" "^1.1.3"
      "es-abstract" "^1.18.0-next.1"
  
  "astral-regex@^2.0.0":
    "version" "2.0.0"
  
  "babel-plugin-dynamic-import-node@^2.3.3":
    "version" "2.3.3"
    dependencies:
      "object.assign" "^4.1.0"
  
  "balanced-match@^1.0.0":
    "version" "1.0.0"
  
  "binary-extensions@^2.0.0":
    "version" "2.2.0"
  
  "boxen@^4.2.0":
    "version" "4.2.0"
    dependencies:
      "ansi-align" "^3.0.0"
      "camelcase" "^5.3.1"
      "chalk" "^3.0.0"
      "cli-boxes" "^2.2.0"
      "string-width" "^4.1.0"
      "term-size" "^2.1.0"
      "type-fest" "^0.8.1"
      "widest-line" "^3.1.0"
  
  "brace-expansion@^1.1.7":
    "version" "1.1.11"
    dependencies:
      "balanced-match" "^1.0.0"
      "concat-map" "0.0.1"
  
  "braces@~3.0.2":
    "version" "3.0.2"
    dependencies:
      "fill-range" "^7.0.1"
  
  "browserslist@^4.14.5", "browserslist@^4.16.1":
    "version" "4.16.3"
    dependencies:
      "caniuse-lite" "^1.0.30001181"
      "colorette" "^1.2.1"
      "electron-to-chromium" "^1.3.649"
      "escalade" "^3.1.1"
      "node-releases" "^1.1.70"
  
  "buffer-from@^1.0.0":
    "version" "1.1.1"
  
  "cacheable-request@^6.0.0":
    "version" "6.1.0"
    dependencies:
      "clone-response" "^1.0.2"
      "get-stream" "^5.1.0"
      "http-cache-semantics" "^4.0.0"
      "keyv" "^3.0.0"
      "lowercase-keys" "^2.0.0"
      "normalize-url" "^4.1.0"
      "responselike" "^1.0.2"
  
  "call-bind@^1.0.0", "call-bind@^1.0.2":
    "version" "1.0.2"
    dependencies:
      "function-bind" "^1.1.1"
      "get-intrinsic" "^1.0.2"
  
  "callsites@^3.0.0":
    "version" "3.1.0"
  
  "camelcase@^5.3.1":
    "version" "5.3.1"
  
  "caniuse-lite@^1.0.30001181":
    "version" "1.0.30001185"
  
  "chalk@^2.0.0":
    "version" "2.4.2"
    dependencies:
      "ansi-styles" "^3.2.1"
      "escape-string-regexp" "^1.0.5"
      "supports-color" "^5.3.0"
  
  "chalk@^3.0.0":
    "version" "3.0.0"
    dependencies:
      "ansi-styles" "^4.1.0"
      "supports-color" "^7.1.0"
  
  "chalk@^4.0.0":
    "version" "4.1.0"
    dependencies:
      "ansi-styles" "^4.1.0"
      "supports-color" "^7.1.0"
  
  "chokidar@^3.2.2":
    "version" "3.5.1"
    dependencies:
      "anymatch" "~3.1.1"
      "braces" "~3.0.2"
      "fsevents" "~2.3.1"
      "glob-parent" "~5.1.0"
      "is-binary-path" "~2.1.0"
      "is-glob" "~4.0.1"
      "normalize-path" "~3.0.0"
      "readdirp" "~3.5.0"
    optionalDependencies:
      "fsevents" "~2.3.1"
  
  "ci-info@^2.0.0":
    "version" "2.0.0"
  
  "cli-boxes@^2.2.0":
    "version" "2.2.1"
  
  "clone-response@^1.0.2":
    "version" "1.0.2"
    dependencies:
      "mimic-response" "^1.0.0"
  
  "color-convert@^1.9.0":
    "version" "1.9.3"
    dependencies:
      "color-name" "1.1.3"
  
  "color-convert@^2.0.1":
    "version" "2.0.1"
    dependencies:
      "color-name" "~1.1.4"
  
  "color-name@~1.1.4":
    "version" "1.1.4"
  
  "color-name@1.1.3":
    "version" "1.1.3"
  
  "colorette@^1.2.1":
    "version" "1.2.1"
  
  "commander@^4.0.1":
    "version" "4.1.1"
  
  "commondir@^1.0.1":
    "version" "1.0.1"
  
  "concat-map@0.0.1":
    "version" "0.0.1"
  
  "configstore@^5.0.1":
    "version" "5.0.1"
    dependencies:
      "dot-prop" "^5.2.0"
      "graceful-fs" "^4.1.2"
      "make-dir" "^3.0.0"
      "unique-string" "^2.0.0"
      "write-file-atomic" "^3.0.0"
      "xdg-basedir" "^4.0.0"
  
  "confusing-browser-globals@^1.0.10":
    "version" "1.0.10"
  
  "contains-path@^0.1.0":
    "version" "0.1.0"
  
  "convert-source-map@^1.7.0":
    "version" "1.7.0"
    dependencies:
      "safe-buffer" "~5.1.1"
  
  "core-js-compat@^3.8.0":
    "version" "3.8.3"
    dependencies:
      "browserslist" "^4.16.1"
      "semver" "7.0.0"
  
  "core-js@^3.2.1":
    "version" "3.8.3"
  
  "cross-spawn@^7.0.2":
    "version" "7.0.3"
    dependencies:
      "path-key" "^3.1.0"
      "shebang-command" "^2.0.0"
      "which" "^2.0.1"
  
  "crypto-random-string@^2.0.0":
    "version" "2.0.0"
  
  "debug@^2.2.0", "debug@^2.6.9":
    "version" "2.6.9"
    dependencies:
      "ms" "2.0.0"
  
  "debug@^3.2.6":
    "version" "3.2.7"
    dependencies:
      "ms" "^2.1.1"
  
  "debug@^4.0.1":
    "version" "4.3.1"
    dependencies:
      "ms" "2.1.2"
  
  "debug@^4.1.0":
    "version" "4.3.1"
    dependencies:
      "ms" "2.1.2"
  
  "debug@^4.1.1":
    "version" "4.3.1"
    dependencies:
      "ms" "2.1.2"
  
  "decompress-response@^3.3.0":
    "version" "3.3.0"
    dependencies:
      "mimic-response" "^1.0.0"
  
  "deep-extend@^0.6.0":
    "version" "0.6.0"
  
  "deep-is@^0.1.3":
    "version" "0.1.3"
  
  "defer-to-connect@^1.0.1":
    "version" "1.1.3"
  
  "define-properties@^1.1.3":
    "version" "1.1.3"
    dependencies:
      "object-keys" "^1.0.12"
  
  "doctrine@^3.0.0":
    "version" "3.0.0"
    dependencies:
      "esutils" "^2.0.2"
  
  "doctrine@1.5.0":
    "version" "1.5.0"
    dependencies:
      "esutils" "^2.0.2"
      "isarray" "^1.0.0"
  
  "dot-prop@^5.2.0":
    "version" "5.3.0"
    dependencies:
      "is-obj" "^2.0.0"
  
  "duplexer3@^0.1.4":
    "version" "0.1.4"
  
  "electron-to-chromium@^1.3.649":
    "version" "1.3.657"
  
  "emoji-regex@^7.0.1":
    "version" "7.0.3"
  
  "emoji-regex@^8.0.0":
    "version" "8.0.0"
  
  "end-of-stream@^1.1.0":
    "version" "1.4.4"
    dependencies:
      "once" "^1.4.0"
  
  "enquirer@^2.3.5":
    "version" "2.3.6"
    dependencies:
      "ansi-colors" "^4.1.1"
  
  "error-ex@^1.2.0":
    "version" "1.3.2"
    dependencies:
      "is-arrayish" "^0.2.1"
  
  "es-abstract@^1.18.0-next.1":
    "version" "1.18.0-next.2"
    dependencies:
      "call-bind" "^1.0.2"
      "es-to-primitive" "^1.2.1"
      "function-bind" "^1.1.1"
      "get-intrinsic" "^1.0.2"
      "has" "^1.0.3"
      "has-symbols" "^1.0.1"
      "is-callable" "^1.2.2"
      "is-negative-zero" "^2.0.1"
      "is-regex" "^1.1.1"
      "object-inspect" "^1.9.0"
      "object-keys" "^1.1.1"
      "object.assign" "^4.1.2"
      "string.prototype.trimend" "^1.0.3"
      "string.prototype.trimstart" "^1.0.3"
  
  "es-to-primitive@^1.2.1":
    "version" "1.2.1"
    dependencies:
      "is-callable" "^1.1.4"
      "is-date-object" "^1.0.1"
      "is-symbol" "^1.0.2"
  
  "escalade@^3.1.1":
    "version" "3.1.1"
  
  "escape-goat@^2.0.0":
    "version" "2.1.1"
  
  "escape-string-regexp@^1.0.5":
    "version" "1.0.5"
  
  "eslint-config-airbnb-base@^14.2.1":
    "version" "14.2.1"
    dependencies:
      "confusing-browser-globals" "^1.0.10"
      "object.assign" "^4.1.2"
      "object.entries" "^1.1.2"
  
  "eslint-import-resolver-node@^0.3.4":
    "version" "0.3.4"
    dependencies:
      "debug" "^2.6.9"
      "resolve" "^1.13.1"
  
  "eslint-module-utils@^2.6.0":
    "version" "2.6.0"
    dependencies:
      "debug" "^2.6.9"
      "pkg-dir" "^2.0.0"
  
  "eslint-plugin-import@^2.22.1":
    "version" "2.22.1"
    dependencies:
      "array-includes" "^3.1.1"
      "array.prototype.flat" "^1.2.3"
      "contains-path" "^0.1.0"
      "debug" "^2.6.9"
      "doctrine" "1.5.0"
      "eslint-import-resolver-node" "^0.3.4"
      "eslint-module-utils" "^2.6.0"
      "has" "^1.0.3"
      "minimatch" "^3.0.4"
      "object.values" "^1.1.1"
      "read-pkg-up" "^2.0.0"
      "resolve" "^1.17.0"
      "tsconfig-paths" "^3.9.0"
  
  "eslint-scope@^5.1.1":
    "version" "5.1.1"
    dependencies:
      "esrecurse" "^4.3.0"
      "estraverse" "^4.1.1"
  
  "eslint-utils@^2.1.0":
    "version" "2.1.0"
    dependencies:
      "eslint-visitor-keys" "^1.1.0"
  
  "eslint-visitor-keys@^1.1.0", "eslint-visitor-keys@^1.3.0":
    "version" "1.3.0"
  
  "eslint-visitor-keys@^2.0.0":
    "version" "2.0.0"
  
  "eslint@^2 || ^3 || ^4 || ^5 || ^6 || ^7.2.0", "eslint@^5.16.0 || ^6.8.0 || ^7.2.0", "eslint@^7.19.0":
    "version" "7.19.0"
    dependencies:
      "@babel/code-frame" "^7.0.0"
      "@eslint/eslintrc" "^0.3.0"
      "ajv" "^6.10.0"
      "chalk" "^4.0.0"
      "cross-spawn" "^7.0.2"
      "debug" "^4.0.1"
      "doctrine" "^3.0.0"
      "enquirer" "^2.3.5"
      "eslint-scope" "^5.1.1"
      "eslint-utils" "^2.1.0"
      "eslint-visitor-keys" "^2.0.0"
      "espree" "^7.3.1"
      "esquery" "^1.2.0"
      "esutils" "^2.0.2"
      "file-entry-cache" "^6.0.0"
      "functional-red-black-tree" "^1.0.1"
      "glob-parent" "^5.0.0"
      "globals" "^12.1.0"
      "ignore" "^4.0.6"
      "import-fresh" "^3.0.0"
      "imurmurhash" "^0.1.4"
      "is-glob" "^4.0.0"
      "js-yaml" "^3.13.1"
      "json-stable-stringify-without-jsonify" "^1.0.1"
      "levn" "^0.4.1"
      "lodash" "^4.17.20"
      "minimatch" "^3.0.4"
      "natural-compare" "^1.4.0"
      "optionator" "^0.9.1"
      "progress" "^2.0.0"
      "regexpp" "^3.1.0"
      "semver" "^7.2.1"
      "strip-ansi" "^6.0.0"
      "strip-json-comments" "^3.1.0"
      "table" "^6.0.4"
      "text-table" "^0.2.0"
      "v8-compile-cache" "^2.0.3"
  
  "espree@^7.3.0", "espree@^7.3.1":
    "version" "7.3.1"
    dependencies:
      "acorn" "^7.4.0"
      "acorn-jsx" "^5.3.1"
      "eslint-visitor-keys" "^1.3.0"
  
  "esprima@^4.0.0":
    "version" "4.0.1"
  
  "esquery@^1.2.0":
    "version" "1.4.0"
    dependencies:
      "estraverse" "^5.1.0"
  
  "esrecurse@^4.3.0":
    "version" "4.3.0"
    dependencies:
      "estraverse" "^5.2.0"
  
  "estraverse@^4.1.1":
    "version" "4.3.0"
  
  "estraverse@^5.1.0", "estraverse@^5.2.0":
    "version" "5.2.0"
  
  "esutils@^2.0.2":
    "version" "2.0.3"
  
  "fast-deep-equal@^3.1.1":
    "version" "3.1.3"
  
  "fast-json-stable-stringify@^2.0.0":
    "version" "2.1.0"
  
  "fast-levenshtein@^2.0.6":
    "version" "2.0.6"
  
  "file-entry-cache@^6.0.0":
    "version" "6.0.0"
    dependencies:
      "flat-cache" "^3.0.4"
  
  "fill-range@^7.0.1":
    "version" "7.0.1"
    dependencies:
      "to-regex-range" "^5.0.1"
  
  "find-cache-dir@^2.0.0":
    "version" "2.1.0"
    dependencies:
      "commondir" "^1.0.1"
      "make-dir" "^2.0.0"
      "pkg-dir" "^3.0.0"
  
  "find-up@^2.0.0", "find-up@^2.1.0":
    "version" "2.1.0"
    dependencies:
      "locate-path" "^2.0.0"
  
  "find-up@^3.0.0":
    "version" "3.0.0"
    dependencies:
      "locate-path" "^3.0.0"
  
  "flat-cache@^3.0.4":
    "version" "3.0.4"
    dependencies:
      "flatted" "^3.1.0"
      "rimraf" "^3.0.2"
  
  "flatted@^3.1.0":
    "version" "3.1.1"
  
  "fs.realpath@^1.0.0":
    "version" "1.0.0"
  
  "function-bind@^1.1.1":
    "version" "1.1.1"
  
  "functional-red-black-tree@^1.0.1":
    "version" "1.0.1"
  
  "gensync@^1.0.0-beta.1":
    "version" "1.0.0-beta.2"
  
  "get-intrinsic@^1.0.1", "get-intrinsic@^1.0.2":
    "version" "1.1.1"
    dependencies:
      "function-bind" "^1.1.1"
      "has" "^1.0.3"
      "has-symbols" "^1.0.1"
  
  "get-stream@^4.1.0":
    "version" "4.1.0"
    dependencies:
      "pump" "^3.0.0"
  
  "get-stream@^5.1.0":
    "version" "5.2.0"
    dependencies:
      "pump" "^3.0.0"
  
  "glob-parent@^5.0.0", "glob-parent@~5.1.0":
    "version" "5.1.1"
    dependencies:
      "is-glob" "^4.0.1"
  
  "glob@^7.1.3":
    "version" "7.1.6"
    dependencies:
      "fs.realpath" "^1.0.0"
      "inflight" "^1.0.4"
      "inherits" "2"
      "minimatch" "^3.0.4"
      "once" "^1.3.0"
      "path-is-absolute" "^1.0.0"
  
  "global-dirs@^2.0.1":
    "version" "2.1.0"
    dependencies:
      "ini" "1.3.7"
  
  "globals@^11.1.0":
    "version" "11.12.0"
  
  "globals@^12.1.0":
    "version" "12.4.0"
    dependencies:
      "type-fest" "^0.8.1"
  
  "got@^9.6.0":
    "version" "9.6.0"
    dependencies:
      "@sindresorhus/is" "^0.14.0"
      "@szmarczak/http-timer" "^1.1.2"
      "cacheable-request" "^6.0.0"
      "decompress-response" "^3.3.0"
      "duplexer3" "^0.1.4"
      "get-stream" "^4.1.0"
      "lowercase-keys" "^1.0.1"
      "mimic-response" "^1.0.1"
      "p-cancelable" "^1.0.0"
      "to-readable-stream" "^1.0.0"
      "url-parse-lax" "^3.0.0"
  
  "graceful-fs@^4.1.2":
    "version" "4.2.5"
  
  "has-flag@^3.0.0":
    "version" "3.0.0"
  
  "has-flag@^4.0.0":
    "version" "4.0.0"
  
  "has-symbols@^1.0.1":
    "version" "1.0.1"
  
  "has-yarn@^2.1.0":
    "version" "2.1.0"
  
  "has@^1.0.3":
    "version" "1.0.3"
    dependencies:
      "function-bind" "^1.1.1"
  
  "homedir-polyfill@^1.0.1":
    "version" "1.0.3"
    dependencies:
      "parse-passwd" "^1.0.0"
  
  "hosted-git-info@^2.1.4":
    "version" "2.8.8"
  
  "http-cache-semantics@^4.0.0":
    "version" "4.1.0"
  
  "ignore-by-default@^1.0.1":
    "version" "1.0.1"
  
  "ignore@^4.0.6":
    "version" "4.0.6"
  
  "import-fresh@^3.0.0", "import-fresh@^3.2.1":
    "version" "3.3.0"
    dependencies:
      "parent-module" "^1.0.0"
      "resolve-from" "^4.0.0"
  
  "import-lazy@^2.1.0":
    "version" "2.1.0"
  
  "imurmurhash@^0.1.4":
    "version" "0.1.4"
  
  "inflight@^1.0.4":
    "version" "1.0.6"
    dependencies:
      "once" "^1.3.0"
      "wrappy" "1"
  
  "inherits@2":
    "version" "2.0.4"
  
  "ini@~1.3.0":
    "version" "1.3.8"
  
  "ini@1.3.7":
    "version" "1.3.7"
  
  "is-arrayish@^0.2.1":
    "version" "0.2.1"
  
  "is-binary-path@~2.1.0":
    "version" "2.1.0"
    dependencies:
      "binary-extensions" "^2.0.0"
  
  "is-callable@^1.1.4", "is-callable@^1.2.2":
    "version" "1.2.3"
  
  "is-ci@^2.0.0":
    "version" "2.0.0"
    dependencies:
      "ci-info" "^2.0.0"
  
  "is-core-module@^2.1.0":
    "version" "2.2.0"
    dependencies:
      "has" "^1.0.3"
  
  "is-date-object@^1.0.1":
    "version" "1.0.2"
  
  "is-extglob@^2.1.1":
    "version" "2.1.1"
  
  "is-fullwidth-code-point@^2.0.0":
    "version" "2.0.0"
  
  "is-fullwidth-code-point@^3.0.0":
    "version" "3.0.0"
  
  "is-glob@^4.0.0", "is-glob@^4.0.1", "is-glob@~4.0.1":
    "version" "4.0.1"
    dependencies:
      "is-extglob" "^2.1.1"
  
  "is-installed-globally@^0.3.1":
    "version" "0.3.2"
    dependencies:
      "global-dirs" "^2.0.1"
      "is-path-inside" "^3.0.1"
  
  "is-negative-zero@^2.0.1":
    "version" "2.0.1"
  
  "is-npm@^4.0.0":
    "version" "4.0.0"
  
  "is-number@^7.0.0":
    "version" "7.0.0"
  
  "is-obj@^2.0.0":
    "version" "2.0.0"
  
  "is-path-inside@^3.0.1":
    "version" "3.0.2"
  
  "is-regex@^1.1.1":
    "version" "1.1.2"
    dependencies:
      "call-bind" "^1.0.2"
      "has-symbols" "^1.0.1"
  
  "is-string@^1.0.5":
    "version" "1.0.5"
  
  "is-symbol@^1.0.2":
    "version" "1.0.3"
    dependencies:
      "has-symbols" "^1.0.1"
  
  "is-typedarray@^1.0.0":
    "version" "1.0.0"
  
  "is-yarn-global@^0.3.0":
    "version" "0.3.0"
  
  "isarray@^1.0.0":
    "version" "1.0.0"
  
  "isexe@^2.0.0":
    "version" "2.0.0"
  
  "js-tokens@^4.0.0":
    "version" "4.0.0"
  
  "js-yaml@^3.13.1":
    "version" "3.14.1"
    dependencies:
      "argparse" "^1.0.7"
      "esprima" "^4.0.0"
  
  "jsesc@^2.5.1":
    "version" "2.5.2"
  
  "jsesc@~0.5.0":
    "version" "0.5.0"
  
  "json-buffer@3.0.0":
    "version" "3.0.0"
  
  "json-schema-traverse@^0.4.1":
    "version" "0.4.1"
  
  "json-schema-traverse@^1.0.0":
    "version" "1.0.0"
  
  "json-stable-stringify-without-jsonify@^1.0.1":
    "version" "1.0.1"
  
  "json5@^1.0.1":
    "version" "1.0.1"
    dependencies:
      "minimist" "^1.2.0"
  
  "json5@^2.1.2":
    "version" "2.2.0"
    dependencies:
      "minimist" "^1.2.5"
  
  "keyv@^3.0.0":
    "version" "3.1.0"
    dependencies:
      "json-buffer" "3.0.0"
  
  "latest-version@^5.0.0":
    "version" "5.1.0"
    dependencies:
      "package-json" "^6.3.0"
  
  "levn@^0.4.1":
    "version" "0.4.1"
    dependencies:
      "prelude-ls" "^1.2.1"
      "type-check" "~0.4.0"
  
  "load-json-file@^2.0.0":
    "version" "2.0.0"
    dependencies:
      "graceful-fs" "^4.1.2"
      "parse-json" "^2.2.0"
      "pify" "^2.0.0"
      "strip-bom" "^3.0.0"
  
  "locate-path@^2.0.0":
    "version" "2.0.0"
    dependencies:
      "p-locate" "^2.0.0"
      "path-exists" "^3.0.0"
  
  "locate-path@^3.0.0":
    "version" "3.0.0"
    dependencies:
      "p-locate" "^3.0.0"
      "path-exists" "^3.0.0"
  
  "lodash@^4.17.19", "lodash@^4.17.20":
    "version" "4.17.20"
  
  "lowercase-keys@^1.0.0", "lowercase-keys@^1.0.1":
    "version" "1.0.1"
  
  "lowercase-keys@^2.0.0":
    "version" "2.0.0"
  
  "lru-cache@^6.0.0":
    "version" "6.0.0"
    dependencies:
      "yallist" "^4.0.0"
  
  "make-dir@^2.0.0", "make-dir@^2.1.0":
    "version" "2.1.0"
    dependencies:
      "pify" "^4.0.1"
      "semver" "^5.6.0"
  
  "make-dir@^3.0.0":
    "version" "3.1.0"
    dependencies:
      "semver" "^6.0.0"
  
  "mimic-response@^1.0.0", "mimic-response@^1.0.1":
    "version" "1.0.1"
  
  "minimatch@^3.0.4":
    "version" "3.0.4"
    dependencies:
      "brace-expansion" "^1.1.7"
  
  "minimist@^1.2.0", "minimist@^1.2.5":
    "version" "1.2.5"
  
  "ms@^2.1.1":
    "version" "2.1.3"
  
  "ms@2.0.0":
    "version" "2.0.0"
  
  "ms@2.1.2":
    "version" "2.1.2"
  
  "natural-compare@^1.4.0":
    "version" "1.4.0"
  
  "node-environment-flags@^1.0.5":
    "version" "1.0.6"
    dependencies:
      "object.getownpropertydescriptors" "^2.0.3"
      "semver" "^5.7.0"
  
  "node-modules-regexp@^1.0.0":
    "version" "1.0.0"
  
  "node-releases@^1.1.70":
    "version" "1.1.70"
  
  "nodemon@^2.0.7":
    "version" "2.0.7"
    dependencies:
      "chokidar" "^3.2.2"
      "debug" "^3.2.6"
      "ignore-by-default" "^1.0.1"
      "minimatch" "^3.0.4"
      "pstree.remy" "^1.1.7"
      "semver" "^5.7.1"
      "supports-color" "^5.5.0"
      "touch" "^3.1.0"
      "undefsafe" "^2.0.3"
      "update-notifier" "^4.1.0"
  
  "nopt@~1.0.10":
    "version" "1.0.10"
    dependencies:
      "abbrev" "1"
  
  "normalize-package-data@^2.3.2":
    "version" "2.5.0"
    dependencies:
      "hosted-git-info" "^2.1.4"
      "resolve" "^1.10.0"
      "semver" "2 || 3 || 4 || 5"
      "validate-npm-package-license" "^3.0.1"
  
  "normalize-path@^3.0.0", "normalize-path@~3.0.0":
    "version" "3.0.0"
  
  "normalize-url@^4.1.0":
    "version" "4.5.0"
  
  "object-inspect@^1.9.0":
    "version" "1.9.0"
  
  "object-keys@^1.0.12", "object-keys@^1.1.1":
    "version" "1.1.1"
  
  "object.assign@^4.1.0", "object.assign@^4.1.2":
    "version" "4.1.2"
    dependencies:
      "call-bind" "^1.0.0"
      "define-properties" "^1.1.3"
      "has-symbols" "^1.0.1"
      "object-keys" "^1.1.1"
  
  "object.entries@^1.1.2":
    "version" "1.1.3"
    dependencies:
      "call-bind" "^1.0.0"
      "define-properties" "^1.1.3"
      "es-abstract" "^1.18.0-next.1"
      "has" "^1.0.3"
  
  "object.getownpropertydescriptors@^2.0.3":
    "version" "2.1.1"
    dependencies:
      "call-bind" "^1.0.0"
      "define-properties" "^1.1.3"
      "es-abstract" "^1.18.0-next.1"
  
  "object.values@^1.1.1":
    "version" "1.1.2"
    dependencies:
      "call-bind" "^1.0.0"
      "define-properties" "^1.1.3"
      "es-abstract" "^1.18.0-next.1"
      "has" "^1.0.3"
  
  "once@^1.3.0", "once@^1.3.1", "once@^1.4.0":
    "version" "1.4.0"
    dependencies:
      "wrappy" "1"
  
  "optionator@^0.9.1":
    "version" "0.9.1"
    dependencies:
      "deep-is" "^0.1.3"
      "fast-levenshtein" "^2.0.6"
      "levn" "^0.4.1"
      "prelude-ls" "^1.2.1"
      "type-check" "^0.4.0"
      "word-wrap" "^1.2.3"
  
  "p-cancelable@^1.0.0":
    "version" "1.1.0"
  
  "p-limit@^1.1.0":
    "version" "1.3.0"
    dependencies:
      "p-try" "^1.0.0"
  
  "p-limit@^2.0.0":
    "version" "2.3.0"
    dependencies:
      "p-try" "^2.0.0"
  
  "p-locate@^2.0.0":
    "version" "2.0.0"
    dependencies:
      "p-limit" "^1.1.0"
  
  "p-locate@^3.0.0":
    "version" "3.0.0"
    dependencies:
      "p-limit" "^2.0.0"
  
  "p-try@^1.0.0":
    "version" "1.0.0"
  
  "p-try@^2.0.0":
    "version" "2.2.0"
  
  "package-json@^6.3.0":
    "version" "6.5.0"
    dependencies:
      "got" "^9.6.0"
      "registry-auth-token" "^4.0.0"
      "registry-url" "^5.0.0"
      "semver" "^6.2.0"
  
  "parent-module@^1.0.0":
    "version" "1.0.1"
    dependencies:
      "callsites" "^3.0.0"
  
  "parse-json@^2.2.0":
    "version" "2.2.0"
    dependencies:
      "error-ex" "^1.2.0"
  
  "parse-passwd@^1.0.0":
    "version" "1.0.0"
  
  "path-exists@^3.0.0":
    "version" "3.0.0"
  
  "path-is-absolute@^1.0.0":
    "version" "1.0.1"
  
  "path-key@^3.1.0":
    "version" "3.1.1"
  
  "path-parse@^1.0.6":
    "version" "1.0.6"
  
  "path-type@^2.0.0":
    "version" "2.0.0"
    dependencies:
      "pify" "^2.0.0"
  
  "picomatch@^2.0.4", "picomatch@^2.2.1":
    "version" "2.2.2"
  
  "pify@^2.0.0":
    "version" "2.3.0"
  
  "pify@^4.0.1":
    "version" "4.0.1"
  
  "pirates@^4.0.0":
    "version" "4.0.1"
    dependencies:
      "node-modules-regexp" "^1.0.0"
  
  "pkg-dir@^2.0.0":
    "version" "2.0.0"
    dependencies:
      "find-up" "^2.1.0"
  
  "pkg-dir@^3.0.0":
    "version" "3.0.0"
    dependencies:
      "find-up" "^3.0.0"
  
  "prelude-ls@^1.2.1":
    "version" "1.2.1"
  
  "prepend-http@^2.0.0":
    "version" "2.0.0"
  
  "progress@^2.0.0":
    "version" "2.0.3"
  
  "pstree.remy@^1.1.7":
    "version" "1.1.8"
  
  "pump@^3.0.0":
    "version" "3.0.0"
    dependencies:
      "end-of-stream" "^1.1.0"
      "once" "^1.3.1"
  
  "punycode@^2.1.0":
    "version" "2.1.1"
  
  "pupa@^2.0.1":
    "version" "2.1.1"
    dependencies:
      "escape-goat" "^2.0.0"
  
  "rc@^1.2.8":
    "version" "1.2.8"
    dependencies:
      "deep-extend" "^0.6.0"
      "ini" "~1.3.0"
      "minimist" "^1.2.0"
      "strip-json-comments" "~2.0.1"
  
  "read-pkg-up@^2.0.0":
    "version" "2.0.0"
    dependencies:
      "find-up" "^2.0.0"
      "read-pkg" "^2.0.0"
  
  "read-pkg@^2.0.0":
    "version" "2.0.0"
    dependencies:
      "load-json-file" "^2.0.0"
      "normalize-package-data" "^2.3.2"
      "path-type" "^2.0.0"
  
  "readdirp@~3.5.0":
    "version" "3.5.0"
    dependencies:
      "picomatch" "^2.2.1"
  
  "regenerate-unicode-properties@^8.2.0":
    "version" "8.2.0"
    dependencies:
      "regenerate" "^1.4.0"
  
  "regenerate@^1.4.0":
    "version" "1.4.2"
  
  "regenerator-runtime@^0.13.4":
    "version" "0.13.7"
  
  "regenerator-transform@^0.14.2":
    "version" "0.14.5"
    dependencies:
      "@babel/runtime" "^7.8.4"
  
  "regexpp@^3.1.0":
    "version" "3.1.0"
  
  "regexpu-core@^4.7.1":
    "version" "4.7.1"
    dependencies:
      "regenerate" "^1.4.0"
      "regenerate-unicode-properties" "^8.2.0"
      "regjsgen" "^0.5.1"
      "regjsparser" "^0.6.4"
      "unicode-match-property-ecmascript" "^1.0.4"
      "unicode-match-property-value-ecmascript" "^1.2.0"
  
  "registry-auth-token@^4.0.0":
    "version" "4.2.1"
    dependencies:
      "rc" "^1.2.8"
  
  "registry-url@^5.0.0":
    "version" "5.1.0"
    dependencies:
      "rc" "^1.2.8"
  
  "regjsgen@^0.5.1":
    "version" "0.5.2"
  
  "regjsparser@^0.6.4":
    "version" "0.6.7"
    dependencies:
      "jsesc" "~0.5.0"
  
  "require-from-string@^2.0.2":
    "version" "2.0.2"
  
  "resolve-from@^4.0.0":
    "version" "4.0.0"
  
  "resolve@^1.10.0", "resolve@^1.13.1", "resolve@^1.17.0":
    "version" "1.19.0"
    dependencies:
      "is-core-module" "^2.1.0"
      "path-parse" "^1.0.6"
  
  "responselike@^1.0.2":
    "version" "1.0.2"
    dependencies:
      "lowercase-keys" "^1.0.0"
  
  "rimraf@^3.0.2":
    "version" "3.0.2"
    dependencies:
      "glob" "^7.1.3"
  
  "safe-buffer@~5.1.1":
    "version" "5.1.2"
  
  "semver-diff@^3.1.1":
    "version" "3.1.1"
    dependencies:
      "semver" "^6.3.0"
  
  "semver@^5.4.1", "semver@^5.5.0", "semver@^5.6.0", "semver@^5.7.0", "semver@^5.7.1", "semver@2 || 3 || 4 || 5":
    "version" "5.7.1"
  
  "semver@^6.0.0":
    "version" "6.3.0"
  
  "semver@^6.2.0":
    "version" "6.3.0"
  
  "semver@^6.3.0":
    "version" "6.3.0"
  
  "semver@^7.2.1":
    "version" "7.3.4"
    dependencies:
      "lru-cache" "^6.0.0"
  
  "semver@7.0.0":
    "version" "7.0.0"
  
  "shebang-command@^2.0.0":
    "version" "2.0.0"
    dependencies:
      "shebang-regex" "^3.0.0"
  
  "shebang-regex@^3.0.0":
    "version" "3.0.0"
  
  "signal-exit@^3.0.2":
    "version" "3.0.3"
  
  "slice-ansi@^4.0.0":
    "version" "4.0.0"
    dependencies:
      "ansi-styles" "^4.0.0"
      "astral-regex" "^2.0.0"
      "is-fullwidth-code-point" "^3.0.0"
  
  "source-map-support@^0.5.16":
    "version" "0.5.19"
    dependencies:
      "buffer-from" "^1.0.0"
      "source-map" "^0.6.0"
  
  "source-map@^0.5.0":
    "version" "0.5.7"
  
  "source-map@^0.6.0":
    "version" "0.6.1"
  
  "spdx-correct@^3.0.0":
    "version" "3.1.1"
    dependencies:
      "spdx-expression-parse" "^3.0.0"
      "spdx-license-ids" "^3.0.0"
  
  "spdx-exceptions@^2.1.0":
    "version" "2.3.0"
  
  "spdx-expression-parse@^3.0.0":
    "version" "3.0.1"
    dependencies:
      "spdx-exceptions" "^2.1.0"
      "spdx-license-ids" "^3.0.0"
  
  "spdx-license-ids@^3.0.0":
    "version" "3.0.7"
  
  "sprintf-js@~1.0.2":
    "version" "1.0.3"
  
  "string-width@^3.0.0":
    "version" "3.1.0"
    dependencies:
      "emoji-regex" "^7.0.1"
      "is-fullwidth-code-point" "^2.0.0"
      "strip-ansi" "^5.1.0"
  
  "string-width@^4.0.0", "string-width@^4.1.0", "string-width@^4.2.0":
    "version" "4.2.0"
    dependencies:
      "emoji-regex" "^8.0.0"
      "is-fullwidth-code-point" "^3.0.0"
      "strip-ansi" "^6.0.0"
  
  "string.prototype.trimend@^1.0.3":
    "version" "1.0.3"
    dependencies:
      "call-bind" "^1.0.0"
      "define-properties" "^1.1.3"
  
  "string.prototype.trimstart@^1.0.3":
    "version" "1.0.3"
    dependencies:
      "call-bind" "^1.0.0"
      "define-properties" "^1.1.3"
  
  "strip-ansi@^5.1.0":
    "version" "5.2.0"
    dependencies:
      "ansi-regex" "^4.1.0"
  
  "strip-ansi@^6.0.0":
    "version" "6.0.0"
    dependencies:
      "ansi-regex" "^5.0.0"
  
  "strip-bom@^3.0.0":
    "version" "3.0.0"
  
  "strip-json-comments@^3.1.0", "strip-json-comments@^3.1.1":
    "version" "3.1.1"
  
  "strip-json-comments@~2.0.1":
    "version" "2.0.1"
  
  "supports-color@^5.3.0", "supports-color@^5.5.0":
    "version" "5.5.0"
    dependencies:
      "has-flag" "^3.0.0"
  
  "supports-color@^7.1.0":
    "version" "7.2.0"
    dependencies:
      "has-flag" "^4.0.0"
  
  "table@^6.0.4":
    "version" "6.0.7"
    dependencies:
      "ajv" "^7.0.2"
      "lodash" "^4.17.20"
      "slice-ansi" "^4.0.0"
      "string-width" "^4.2.0"
  
  "term-size@^2.1.0":
    "version" "2.2.1"
  
  "text-table@^0.2.0":
    "version" "0.2.0"
  
  "to-fast-properties@^2.0.0":
    "version" "2.0.0"
  
  "to-readable-stream@^1.0.0":
    "version" "1.0.0"
  
  "to-regex-range@^5.0.1":
    "version" "5.0.1"
    dependencies:
      "is-number" "^7.0.0"
  
  "touch@^3.1.0":
    "version" "3.1.0"
    dependencies:
      "nopt" "~1.0.10"
  
  "tsconfig-paths@^3.9.0":
    "version" "3.9.0"
    dependencies:
      "@types/json5" "^0.0.29"
      "json5" "^1.0.1"
      "minimist" "^1.2.0"
      "strip-bom" "^3.0.0"
  
  "type-check@^0.4.0", "type-check@~0.4.0":
    "version" "0.4.0"
    dependencies:
      "prelude-ls" "^1.2.1"
  
  "type-fest@^0.8.1":
    "version" "0.8.1"
  
  "typedarray-to-buffer@^3.1.5":
    "version" "3.1.5"
    dependencies:
      "is-typedarray" "^1.0.0"
  
  "undefsafe@^2.0.3":
    "version" "2.0.3"
    dependencies:
      "debug" "^2.2.0"
  
  "unicode-canonical-property-names-ecmascript@^1.0.4":
    "version" "1.0.4"
  
  "unicode-match-property-ecmascript@^1.0.4":
    "version" "1.0.4"
    dependencies:
      "unicode-canonical-property-names-ecmascript" "^1.0.4"
      "unicode-property-aliases-ecmascript" "^1.0.4"
  
  "unicode-match-property-value-ecmascript@^1.2.0":
    "version" "1.2.0"
  
  "unicode-property-aliases-ecmascript@^1.0.4":
    "version" "1.1.0"
  
  "unique-string@^2.0.0":
    "version" "2.0.0"
    dependencies:
      "crypto-random-string" "^2.0.0"
  
  "update-notifier@^4.1.0":
    "version" "4.1.3"
    dependencies:
      "boxen" "^4.2.0"
      "chalk" "^3.0.0"
      "configstore" "^5.0.1"
      "has-yarn" "^2.1.0"
      "import-lazy" "^2.1.0"
      "is-ci" "^2.0.0"
      "is-installed-globally" "^0.3.1"
      "is-npm" "^4.0.0"
      "is-yarn-global" "^0.3.0"
      "latest-version" "^5.0.0"
      "pupa" "^2.0.1"
      "semver-diff" "^3.1.1"
      "xdg-basedir" "^4.0.0"
  
  "uri-js@^4.2.2":
    "version" "4.4.1"
    dependencies:
      "punycode" "^2.1.0"
  
  "url-parse-lax@^3.0.0":
    "version" "3.0.0"
    dependencies:
      "prepend-http" "^2.0.0"
  
  "v8-compile-cache@^2.0.3":
    "version" "2.2.0"
  
  "v8flags@^3.1.1":
    "version" "3.2.0"
    dependencies:
      "homedir-polyfill" "^1.0.1"
  
  "validate-npm-package-license@^3.0.1":
    "version" "3.0.4"
    dependencies:
      "spdx-correct" "^3.0.0"
      "spdx-expression-parse" "^3.0.0"
  
  "which@^2.0.1":
    "version" "2.0.2"
    dependencies:
      "isexe" "^2.0.0"
  
  "widest-line@^3.1.0":
    "version" "3.1.0"
    dependencies:
      "string-width" "^4.0.0"
  
  "word-wrap@^1.2.3":
    "version" "1.2.3"
  
  "wrappy@1":
    "version" "1.0.2"
  
  "write-file-atomic@^3.0.0":
    "version" "3.0.3"
    dependencies:
      "imurmurhash" "^0.1.4"
      "is-typedarray" "^1.0.0"
      "signal-exit" "^3.0.2"
      "typedarray-to-buffer" "^3.1.5"
  
  "xdg-basedir@^4.0.0":
    "version" "4.0.0"
  
  "yallist@^4.0.0":
    "version" "4.0.0"
